<?xml version="1.0" encoding="UTF-8"?>
<testng-results ignored="0" total="3" passed="3" failed="0" skipped="0">
  <reporter-output>
  </reporter-output>
  <suite started-at="2021-09-01T15:46:30 IST" name="Suite" finished-at="2021-09-01T15:46:54 IST" duration-ms="24613">
    <groups>
      <group name="cucumber">
        <method signature="AbstractTestNGCucumberTests.runScenario(io.cucumber.testng.PickleWrapper, io.cucumber.testng.FeatureWrapper)[pri:0, instance:runners.TestRunner@1649b0e6]" name="runScenario" class="io.cucumber.testng.AbstractTestNGCucumberTests"/>
      </group> <!-- cucumber -->
    </groups>
    <test started-at="2021-09-01T15:46:30 IST" name="Functional Tests" finished-at="2021-09-01T15:46:54 IST" duration-ms="24613">
      <class name="runners.TestRunner">
        <test-method is-config="true" signature="setUpClass()[pri:0, instance:runners.TestRunner@1649b0e6]" started-at="2021-09-01T15:46:30 IST" name="setUpClass" finished-at="2021-09-01T15:46:30 IST" duration-ms="366" status="PASS">
          <reporter-output>
          </reporter-output>
        </test-method> <!-- setUpClass -->
        <test-method signature="runScenario(io.cucumber.testng.PickleWrapper, io.cucumber.testng.FeatureWrapper)[pri:0, instance:runners.TestRunner@1649b0e6]" started-at="2021-09-01T15:46:30 IST" name="runScenario" description="Runs Cucumber Scenarios" data-provider="scenarios" finished-at="2021-09-01T15:46:43 IST" duration-ms="12607" status="PASS">
          <params>
            <param index="0">
              <value>
                <![CDATA["Count the total categories of products"]]>
              </value>
            </param>
            <param index="1">
              <value>
                <![CDATA["Optional[Test Background Feature]"]]>
              </value>
            </param>
          </params>
          <reporter-output>
          </reporter-output>
        </test-method> <!-- runScenario -->
        <test-method signature="runScenario(io.cucumber.testng.PickleWrapper, io.cucumber.testng.FeatureWrapper)[pri:0, instance:runners.TestRunner@1649b0e6]" started-at="2021-09-01T15:46:30 IST" name="runScenario" description="Runs Cucumber Scenarios" data-provider="scenarios" finished-at="2021-09-01T15:46:43 IST" duration-ms="12723" status="PASS">
          <params>
            <param index="0">
              <value>
                <![CDATA["Count the total categories of products"]]>
              </value>
            </param>
            <param index="1">
              <value>
                <![CDATA["Optional[Test Background Feature]"]]>
              </value>
            </param>
          </params>
          <reporter-output>
          </reporter-output>
        </test-method> <!-- runScenario -->
        <test-method signature="runScenario(io.cucumber.testng.PickleWrapper, io.cucumber.testng.FeatureWrapper)[pri:0, instance:runners.TestRunner@1649b0e6]" started-at="2021-09-01T15:46:30 IST" name="runScenario" description="Runs Cucumber Scenarios" data-provider="scenarios" finished-at="2021-09-01T15:46:53 IST" duration-ms="23427" status="PASS">
          <params>
            <param index="0">
              <value>
                <![CDATA["Search for a product and add it to cart"]]>
              </value>
            </param>
            <param index="1">
              <value>
                <![CDATA["Optional[Test Background Feature]"]]>
              </value>
            </param>
          </params>
          <reporter-output>
          </reporter-output>
        </test-method> <!-- runScenario -->
        <test-method is-config="true" signature="tearDownClass()[pri:0, instance:runners.TestRunner@1649b0e6]" started-at="2021-09-01T15:46:53 IST" name="tearDownClass" finished-at="2021-09-01T15:46:54 IST" duration-ms="777" status="PASS">
          <reporter-output>
          </reporter-output>
        </test-method> <!-- tearDownClass -->
      </class> <!-- runners.TestRunner -->
    </test> <!-- Functional Tests -->
  </suite> <!-- Suite -->
</testng-results>
